<?xml version="1.0" encoding="UTF-8"?>
<testsuite xmlns:xsi="http://www.w3.org/2001/XMLSchema-instance" xsi:noNamespaceSchemaLocation="https://maven.apache.org/surefire/maven-surefire-plugin/xsd/surefire-test-report-3.0.xsd" version="3.0" name="automation.ShopPackage" time="9.118" tests="1" errors="0" skipped="0" failures="0">
  <properties>
    <property name="java.specification.version" value="22"/>
    <property name="sun.jnu.encoding" value="UTF-8"/>
    <property name="java.class.path" value="/Users/tranbao/limitationProject/target/test-classes:/Users/tranbao/limitationProject/target/classes:/Users/tranbao/.m2/repository/org/testng/testng/7.10.2/testng-7.10.2.jar:/Users/tranbao/.m2/repository/com/beust/jcommander/1.82/jcommander-1.82.jar:/Users/tranbao/.m2/repository/org/webjars/jquery/3.7.1/jquery-3.7.1.jar:/Users/tranbao/.m2/repository/org/slf4j/slf4j-api/2.1.0-alpha1/slf4j-api-2.1.0-alpha1.jar:/Users/tranbao/.m2/repository/org/slf4j/slf4j-simple/2.1.0-alpha1/slf4j-simple-2.1.0-alpha1.jar:/Users/tranbao/.m2/repository/org/apache/logging/log4j/log4j-core/3.0.0-beta2/log4j-core-3.0.0-beta2.jar:/Users/tranbao/.m2/repository/org/apache/logging/log4j/log4j-plugins/3.0.0-beta2/log4j-plugins-3.0.0-beta2.jar:/Users/tranbao/.m2/repository/org/apache/logging/log4j/log4j-api/3.0.0-beta2/log4j-api-3.0.0-beta2.jar:/Users/tranbao/.m2/repository/org/apache/poi/poi/5.2.5/poi-5.2.5.jar:/Users/tranbao/.m2/repository/commons-codec/commons-codec/1.16.0/commons-codec-1.16.0.jar:/Users/tranbao/.m2/repository/org/apache/commons/commons-collections4/4.4/commons-collections4-4.4.jar:/Users/tranbao/.m2/repository/org/apache/commons/commons-math3/3.6.1/commons-math3-3.6.1.jar:/Users/tranbao/.m2/repository/commons-io/commons-io/2.15.0/commons-io-2.15.0.jar:/Users/tranbao/.m2/repository/com/zaxxer/SparseBitSet/1.3/SparseBitSet-1.3.jar:/Users/tranbao/.m2/repository/org/apache/poi/poi-ooxml/5.2.5/poi-ooxml-5.2.5.jar:/Users/tranbao/.m2/repository/org/apache/poi/poi-ooxml-lite/5.2.5/poi-ooxml-lite-5.2.5.jar:/Users/tranbao/.m2/repository/org/apache/xmlbeans/xmlbeans/5.2.0/xmlbeans-5.2.0.jar:/Users/tranbao/.m2/repository/org/apache/commons/commons-compress/1.25.0/commons-compress-1.25.0.jar:/Users/tranbao/.m2/repository/com/github/virtuald/curvesapi/1.08/curvesapi-1.08.jar:/Users/tranbao/.m2/repository/org/seleniumhq/selenium/selenium-java/4.21.0/selenium-java-4.21.0.jar:/Users/tranbao/.m2/repository/org/seleniumhq/selenium/selenium-api/4.21.0/selenium-api-4.21.0.jar:/Users/tranbao/.m2/repository/org/seleniumhq/selenium/selenium-chrome-driver/4.21.0/selenium-chrome-driver-4.21.0.jar:/Users/tranbao/.m2/repository/com/google/auto/service/auto-service-annotations/1.1.1/auto-service-annotations-1.1.1.jar:/Users/tranbao/.m2/repository/org/seleniumhq/selenium/selenium-chromium-driver/4.21.0/selenium-chromium-driver-4.21.0.jar:/Users/tranbao/.m2/repository/org/seleniumhq/selenium/selenium-json/4.21.0/selenium-json-4.21.0.jar:/Users/tranbao/.m2/repository/org/seleniumhq/selenium/selenium-manager/4.21.0/selenium-manager-4.21.0.jar:/Users/tranbao/.m2/repository/org/seleniumhq/selenium/selenium-devtools-v123/4.21.0/selenium-devtools-v123-4.21.0.jar:/Users/tranbao/.m2/repository/org/seleniumhq/selenium/selenium-devtools-v124/4.21.0/selenium-devtools-v124-4.21.0.jar:/Users/tranbao/.m2/repository/org/seleniumhq/selenium/selenium-devtools-v125/4.21.0/selenium-devtools-v125-4.21.0.jar:/Users/tranbao/.m2/repository/org/seleniumhq/selenium/selenium-devtools-v85/4.21.0/selenium-devtools-v85-4.21.0.jar:/Users/tranbao/.m2/repository/org/seleniumhq/selenium/selenium-edge-driver/4.21.0/selenium-edge-driver-4.21.0.jar:/Users/tranbao/.m2/repository/org/seleniumhq/selenium/selenium-firefox-driver/4.21.0/selenium-firefox-driver-4.21.0.jar:/Users/tranbao/.m2/repository/org/seleniumhq/selenium/selenium-http/4.21.0/selenium-http-4.21.0.jar:/Users/tranbao/.m2/repository/dev/failsafe/failsafe/3.3.2/failsafe-3.3.2.jar:/Users/tranbao/.m2/repository/org/seleniumhq/selenium/selenium-ie-driver/4.21.0/selenium-ie-driver-4.21.0.jar:/Users/tranbao/.m2/repository/org/seleniumhq/selenium/selenium-remote-driver/4.21.0/selenium-remote-driver-4.21.0.jar:/Users/tranbao/.m2/repository/com/google/guava/guava/33.2.0-jre/guava-33.2.0-jre.jar:/Users/tranbao/.m2/repository/com/google/guava/failureaccess/1.0.2/failureaccess-1.0.2.jar:/Users/tranbao/.m2/repository/com/google/guava/listenablefuture/9999.0-empty-to-avoid-conflict-with-guava/listenablefuture-9999.0-empty-to-avoid-conflict-with-guava.jar:/Users/tranbao/.m2/repository/com/google/code/findbugs/jsr305/3.0.2/jsr305-3.0.2.jar:/Users/tranbao/.m2/repository/org/checkerframework/checker-qual/3.42.0/checker-qual-3.42.0.jar:/Users/tranbao/.m2/repository/com/google/errorprone/error_prone_annotations/2.26.1/error_prone_annotations-2.26.1.jar:/Users/tranbao/.m2/repository/com/google/j2objc/j2objc-annotations/3.0.0/j2objc-annotations-3.0.0.jar:/Users/tranbao/.m2/repository/io/opentelemetry/semconv/opentelemetry-semconv/1.25.0-alpha/opentelemetry-semconv-1.25.0-alpha.jar:/Users/tranbao/.m2/repository/io/opentelemetry/opentelemetry-api/1.38.0/opentelemetry-api-1.38.0.jar:/Users/tranbao/.m2/repository/io/opentelemetry/opentelemetry-context/1.38.0/opentelemetry-context-1.38.0.jar:/Users/tranbao/.m2/repository/io/opentelemetry/opentelemetry-exporter-logging/1.38.0/opentelemetry-exporter-logging-1.38.0.jar:/Users/tranbao/.m2/repository/io/opentelemetry/opentelemetry-sdk-common/1.38.0/opentelemetry-sdk-common-1.38.0.jar:/Users/tranbao/.m2/repository/io/opentelemetry/opentelemetry-sdk-extension-autoconfigure-spi/1.38.0/opentelemetry-sdk-extension-autoconfigure-spi-1.38.0.jar:/Users/tranbao/.m2/repository/io/opentelemetry/opentelemetry-sdk-extension-autoconfigure/1.38.0/opentelemetry-sdk-extension-autoconfigure-1.38.0.jar:/Users/tranbao/.m2/repository/io/opentelemetry/opentelemetry-api-incubator/1.38.0-alpha/opentelemetry-api-incubator-1.38.0-alpha.jar:/Users/tranbao/.m2/repository/io/opentelemetry/opentelemetry-sdk-trace/1.38.0/opentelemetry-sdk-trace-1.38.0.jar:/Users/tranbao/.m2/repository/io/opentelemetry/opentelemetry-sdk/1.38.0/opentelemetry-sdk-1.38.0.jar:/Users/tranbao/.m2/repository/io/opentelemetry/opentelemetry-sdk-metrics/1.38.0/opentelemetry-sdk-metrics-1.38.0.jar:/Users/tranbao/.m2/repository/io/opentelemetry/opentelemetry-sdk-logs/1.38.0/opentelemetry-sdk-logs-1.38.0.jar:/Users/tranbao/.m2/repository/net/bytebuddy/byte-buddy/1.14.15/byte-buddy-1.14.15.jar:/Users/tranbao/.m2/repository/org/seleniumhq/selenium/selenium-os/4.21.0/selenium-os-4.21.0.jar:/Users/tranbao/.m2/repository/org/apache/commons/commons-exec/1.4.0/commons-exec-1.4.0.jar:/Users/tranbao/.m2/repository/org/seleniumhq/selenium/selenium-safari-driver/4.21.0/selenium-safari-driver-4.21.0.jar:/Users/tranbao/.m2/repository/org/seleniumhq/selenium/selenium-support/4.21.0/selenium-support-4.21.0.jar:/Users/tranbao/.m2/repository/io/github/bonigarcia/webdrivermanager/5.8.0/webdrivermanager-5.8.0.jar:/Users/tranbao/.m2/repository/com/google/code/gson/gson/2.10.1/gson-2.10.1.jar:/Users/tranbao/.m2/repository/com/github/docker-java/docker-java/3.3.6/docker-java-3.3.6.jar:/Users/tranbao/.m2/repository/com/github/docker-java/docker-java-core/3.3.6/docker-java-core-3.3.6.jar:/Users/tranbao/.m2/repository/com/github/docker-java/docker-java-api/3.3.6/docker-java-api-3.3.6.jar:/Users/tranbao/.m2/repository/org/bouncycastle/bcpkix-jdk18on/1.76/bcpkix-jdk18on-1.76.jar:/Users/tranbao/.m2/repository/org/bouncycastle/bcprov-jdk18on/1.76/bcprov-jdk18on-1.76.jar:/Users/tranbao/.m2/repository/org/bouncycastle/bcutil-jdk18on/1.76/bcutil-jdk18on-1.76.jar:/Users/tranbao/.m2/repository/org/slf4j/jcl-over-slf4j/1.7.30/jcl-over-slf4j-1.7.30.jar:/Users/tranbao/.m2/repository/com/github/docker-java/docker-java-transport-httpclient5/3.3.6/docker-java-transport-httpclient5-3.3.6.jar:/Users/tranbao/.m2/repository/com/github/docker-java/docker-java-transport/3.3.6/docker-java-transport-3.3.6.jar:/Users/tranbao/.m2/repository/net/java/dev/jna/jna/5.13.0/jna-5.13.0.jar:/Users/tranbao/.m2/repository/org/brotli/dec/0.1.2/dec-0.1.2.jar:/Users/tranbao/.m2/repository/org/apache/commons/commons-lang3/3.14.0/commons-lang3-3.14.0.jar:/Users/tranbao/.m2/repository/org/apache/httpcomponents/client5/httpclient5/5.2.1/httpclient5-5.2.1.jar:/Users/tranbao/.m2/repository/org/apache/httpcomponents/core5/httpcore5/5.2/httpcore5-5.2.jar:/Users/tranbao/.m2/repository/org/apache/httpcomponents/core5/httpcore5-h2/5.2/httpcore5-h2-5.2.jar:/Users/tranbao/.m2/repository/postgresql/postgresql/9.1-901-1.jdbc4/postgresql-9.1-901-1.jdbc4.jar:/Users/tranbao/.m2/repository/io/rest-assured/rest-assured/5.4.0/rest-assured-5.4.0.jar:/Users/tranbao/.m2/repository/org/apache/groovy/groovy/4.0.16/groovy-4.0.16.jar:/Users/tranbao/.m2/repository/org/apache/groovy/groovy-xml/4.0.16/groovy-xml-4.0.16.jar:/Users/tranbao/.m2/repository/org/apache/httpcomponents/httpmime/4.5.13/httpmime-4.5.13.jar:/Users/tranbao/.m2/repository/org/hamcrest/hamcrest/2.2/hamcrest-2.2.jar:/Users/tranbao/.m2/repository/org/ccil/cowan/tagsoup/tagsoup/1.2.1/tagsoup-1.2.1.jar:/Users/tranbao/.m2/repository/io/rest-assured/json-path/5.4.0/json-path-5.4.0.jar:/Users/tranbao/.m2/repository/org/apache/groovy/groovy-json/4.0.16/groovy-json-4.0.16.jar:/Users/tranbao/.m2/repository/io/rest-assured/rest-assured-common/5.4.0/rest-assured-common-5.4.0.jar:/Users/tranbao/.m2/repository/io/rest-assured/xml-path/5.4.0/xml-path-5.4.0.jar:/Users/tranbao/.m2/repository/commons-lang/commons-lang/2.6/commons-lang-2.6.jar:/Users/tranbao/.m2/repository/com/fasterxml/jackson/core/jackson-databind/2.13.1/jackson-databind-2.13.1.jar:/Users/tranbao/.m2/repository/com/fasterxml/jackson/core/jackson-annotations/2.13.1/jackson-annotations-2.13.1.jar:/Users/tranbao/.m2/repository/com/fasterxml/jackson/core/jackson-core/2.13.1/jackson-core-2.13.1.jar:/Users/tranbao/.m2/repository/com/aventstack/extentreports/5.1.1/extentreports-5.1.1.jar:/Users/tranbao/.m2/repository/io/reactivex/rxjava3/rxjava/3.1.6/rxjava-3.1.6.jar:/Users/tranbao/.m2/repository/org/reactivestreams/reactive-streams/1.0.4/reactive-streams-1.0.4.jar:/Users/tranbao/.m2/repository/org/freemarker/freemarker/2.3.32/freemarker-2.3.32.jar:/Users/tranbao/.m2/repository/com/squareup/okhttp3/okhttp/4.9.1/okhttp-4.9.1.jar:/Users/tranbao/.m2/repository/com/squareup/okio/okio/2.8.0/okio-2.8.0.jar:/Users/tranbao/.m2/repository/org/jetbrains/kotlin/kotlin-stdlib-common/1.4.0/kotlin-stdlib-common-1.4.0.jar:/Users/tranbao/.m2/repository/org/jetbrains/kotlin/kotlin-stdlib/1.4.10/kotlin-stdlib-1.4.10.jar:/Users/tranbao/.m2/repository/org/jetbrains/annotations/13.0/annotations-13.0.jar:/Users/tranbao/.m2/repository/org/apache/httpcomponents/httpclient/4.5.13/httpclient-4.5.13.jar:/Users/tranbao/.m2/repository/org/apache/httpcomponents/httpcore/4.4.13/httpcore-4.4.13.jar:/Users/tranbao/.m2/repository/commons-logging/commons-logging/1.2/commons-logging-1.2.jar:/Users/tranbao/.m2/repository/org/json/json/20240303/json-20240303.jar:/Users/tranbao/.m2/repository/org/projectlombok/lombok/1.18.32/lombok-1.18.32.jar:/Users/tranbao/.m2/repository/io/appium/java-client/8.3.0/java-client-8.3.0.jar:/Users/tranbao/.m2/repository/cglib/cglib/3.3.0/cglib-3.3.0.jar:/Users/tranbao/.m2/repository/org/ow2/asm/asm/7.1/asm-7.1.jar:/Users/tranbao/.m2/repository/commons-validator/commons-validator/1.7/commons-validator-1.7.jar:/Users/tranbao/.m2/repository/commons-beanutils/commons-beanutils/1.9.4/commons-beanutils-1.9.4.jar:/Users/tranbao/.m2/repository/commons-digester/commons-digester/2.1/commons-digester-2.1.jar:/Users/tranbao/.m2/repository/commons-collections/commons-collections/3.2.2/commons-collections-3.2.2.jar:"/>
    <property name="java.vm.vendor" value="Oracle Corporation"/>
    <property name="sun.arch.data.model" value="64"/>
    <property name="java.vendor.url" value="https://java.oracle.com/"/>
    <property name="user.timezone" value="Asia/Ho_Chi_Minh"/>
    <property name="os.name" value="Mac OS X"/>
    <property name="java.vm.specification.version" value="22"/>
    <property name="sun.java.launcher" value="SUN_STANDARD"/>
    <property name="user.country" value="VN"/>
    <property name="sun.boot.library.path" value="/Library/Java/JavaVirtualMachines/jdk-22.jdk/Contents/Home/lib"/>
    <property name="sun.java.command" value="/Users/tranbao/limitationProject/target/surefire/surefirebooter-20240517141100214_3.jar /Users/tranbao/limitationProject/target/surefire 2024-05-17T14-11-00_095-jvmRun1 surefire-20240517141100214_1tmp surefire_0-20240517141100214_2tmp"/>
    <property name="http.nonProxyHosts" value="local|*.local|169.254/16|*.169.254/16"/>
    <property name="jdk.debug" value="release"/>
    <property name="test" value="ShopPackage"/>
    <property name="surefire.test.class.path" value="/Users/tranbao/limitationProject/target/test-classes:/Users/tranbao/limitationProject/target/classes:/Users/tranbao/.m2/repository/org/testng/testng/7.10.2/testng-7.10.2.jar:/Users/tranbao/.m2/repository/com/beust/jcommander/1.82/jcommander-1.82.jar:/Users/tranbao/.m2/repository/org/webjars/jquery/3.7.1/jquery-3.7.1.jar:/Users/tranbao/.m2/repository/org/slf4j/slf4j-api/2.1.0-alpha1/slf4j-api-2.1.0-alpha1.jar:/Users/tranbao/.m2/repository/org/slf4j/slf4j-simple/2.1.0-alpha1/slf4j-simple-2.1.0-alpha1.jar:/Users/tranbao/.m2/repository/org/apache/logging/log4j/log4j-core/3.0.0-beta2/log4j-core-3.0.0-beta2.jar:/Users/tranbao/.m2/repository/org/apache/logging/log4j/log4j-plugins/3.0.0-beta2/log4j-plugins-3.0.0-beta2.jar:/Users/tranbao/.m2/repository/org/apache/logging/log4j/log4j-api/3.0.0-beta2/log4j-api-3.0.0-beta2.jar:/Users/tranbao/.m2/repository/org/apache/poi/poi/5.2.5/poi-5.2.5.jar:/Users/tranbao/.m2/repository/commons-codec/commons-codec/1.16.0/commons-codec-1.16.0.jar:/Users/tranbao/.m2/repository/org/apache/commons/commons-collections4/4.4/commons-collections4-4.4.jar:/Users/tranbao/.m2/repository/org/apache/commons/commons-math3/3.6.1/commons-math3-3.6.1.jar:/Users/tranbao/.m2/repository/commons-io/commons-io/2.15.0/commons-io-2.15.0.jar:/Users/tranbao/.m2/repository/com/zaxxer/SparseBitSet/1.3/SparseBitSet-1.3.jar:/Users/tranbao/.m2/repository/org/apache/poi/poi-ooxml/5.2.5/poi-ooxml-5.2.5.jar:/Users/tranbao/.m2/repository/org/apache/poi/poi-ooxml-lite/5.2.5/poi-ooxml-lite-5.2.5.jar:/Users/tranbao/.m2/repository/org/apache/xmlbeans/xmlbeans/5.2.0/xmlbeans-5.2.0.jar:/Users/tranbao/.m2/repository/org/apache/commons/commons-compress/1.25.0/commons-compress-1.25.0.jar:/Users/tranbao/.m2/repository/com/github/virtuald/curvesapi/1.08/curvesapi-1.08.jar:/Users/tranbao/.m2/repository/org/seleniumhq/selenium/selenium-java/4.21.0/selenium-java-4.21.0.jar:/Users/tranbao/.m2/repository/org/seleniumhq/selenium/selenium-api/4.21.0/selenium-api-4.21.0.jar:/Users/tranbao/.m2/repository/org/seleniumhq/selenium/selenium-chrome-driver/4.21.0/selenium-chrome-driver-4.21.0.jar:/Users/tranbao/.m2/repository/com/google/auto/service/auto-service-annotations/1.1.1/auto-service-annotations-1.1.1.jar:/Users/tranbao/.m2/repository/org/seleniumhq/selenium/selenium-chromium-driver/4.21.0/selenium-chromium-driver-4.21.0.jar:/Users/tranbao/.m2/repository/org/seleniumhq/selenium/selenium-json/4.21.0/selenium-json-4.21.0.jar:/Users/tranbao/.m2/repository/org/seleniumhq/selenium/selenium-manager/4.21.0/selenium-manager-4.21.0.jar:/Users/tranbao/.m2/repository/org/seleniumhq/selenium/selenium-devtools-v123/4.21.0/selenium-devtools-v123-4.21.0.jar:/Users/tranbao/.m2/repository/org/seleniumhq/selenium/selenium-devtools-v124/4.21.0/selenium-devtools-v124-4.21.0.jar:/Users/tranbao/.m2/repository/org/seleniumhq/selenium/selenium-devtools-v125/4.21.0/selenium-devtools-v125-4.21.0.jar:/Users/tranbao/.m2/repository/org/seleniumhq/selenium/selenium-devtools-v85/4.21.0/selenium-devtools-v85-4.21.0.jar:/Users/tranbao/.m2/repository/org/seleniumhq/selenium/selenium-edge-driver/4.21.0/selenium-edge-driver-4.21.0.jar:/Users/tranbao/.m2/repository/org/seleniumhq/selenium/selenium-firefox-driver/4.21.0/selenium-firefox-driver-4.21.0.jar:/Users/tranbao/.m2/repository/org/seleniumhq/selenium/selenium-http/4.21.0/selenium-http-4.21.0.jar:/Users/tranbao/.m2/repository/dev/failsafe/failsafe/3.3.2/failsafe-3.3.2.jar:/Users/tranbao/.m2/repository/org/seleniumhq/selenium/selenium-ie-driver/4.21.0/selenium-ie-driver-4.21.0.jar:/Users/tranbao/.m2/repository/org/seleniumhq/selenium/selenium-remote-driver/4.21.0/selenium-remote-driver-4.21.0.jar:/Users/tranbao/.m2/repository/com/google/guava/guava/33.2.0-jre/guava-33.2.0-jre.jar:/Users/tranbao/.m2/repository/com/google/guava/failureaccess/1.0.2/failureaccess-1.0.2.jar:/Users/tranbao/.m2/repository/com/google/guava/listenablefuture/9999.0-empty-to-avoid-conflict-with-guava/listenablefuture-9999.0-empty-to-avoid-conflict-with-guava.jar:/Users/tranbao/.m2/repository/com/google/code/findbugs/jsr305/3.0.2/jsr305-3.0.2.jar:/Users/tranbao/.m2/repository/org/checkerframework/checker-qual/3.42.0/checker-qual-3.42.0.jar:/Users/tranbao/.m2/repository/com/google/errorprone/error_prone_annotations/2.26.1/error_prone_annotations-2.26.1.jar:/Users/tranbao/.m2/repository/com/google/j2objc/j2objc-annotations/3.0.0/j2objc-annotations-3.0.0.jar:/Users/tranbao/.m2/repository/io/opentelemetry/semconv/opentelemetry-semconv/1.25.0-alpha/opentelemetry-semconv-1.25.0-alpha.jar:/Users/tranbao/.m2/repository/io/opentelemetry/opentelemetry-api/1.38.0/opentelemetry-api-1.38.0.jar:/Users/tranbao/.m2/repository/io/opentelemetry/opentelemetry-context/1.38.0/opentelemetry-context-1.38.0.jar:/Users/tranbao/.m2/repository/io/opentelemetry/opentelemetry-exporter-logging/1.38.0/opentelemetry-exporter-logging-1.38.0.jar:/Users/tranbao/.m2/repository/io/opentelemetry/opentelemetry-sdk-common/1.38.0/opentelemetry-sdk-common-1.38.0.jar:/Users/tranbao/.m2/repository/io/opentelemetry/opentelemetry-sdk-extension-autoconfigure-spi/1.38.0/opentelemetry-sdk-extension-autoconfigure-spi-1.38.0.jar:/Users/tranbao/.m2/repository/io/opentelemetry/opentelemetry-sdk-extension-autoconfigure/1.38.0/opentelemetry-sdk-extension-autoconfigure-1.38.0.jar:/Users/tranbao/.m2/repository/io/opentelemetry/opentelemetry-api-incubator/1.38.0-alpha/opentelemetry-api-incubator-1.38.0-alpha.jar:/Users/tranbao/.m2/repository/io/opentelemetry/opentelemetry-sdk-trace/1.38.0/opentelemetry-sdk-trace-1.38.0.jar:/Users/tranbao/.m2/repository/io/opentelemetry/opentelemetry-sdk/1.38.0/opentelemetry-sdk-1.38.0.jar:/Users/tranbao/.m2/repository/io/opentelemetry/opentelemetry-sdk-metrics/1.38.0/opentelemetry-sdk-metrics-1.38.0.jar:/Users/tranbao/.m2/repository/io/opentelemetry/opentelemetry-sdk-logs/1.38.0/opentelemetry-sdk-logs-1.38.0.jar:/Users/tranbao/.m2/repository/net/bytebuddy/byte-buddy/1.14.15/byte-buddy-1.14.15.jar:/Users/tranbao/.m2/repository/org/seleniumhq/selenium/selenium-os/4.21.0/selenium-os-4.21.0.jar:/Users/tranbao/.m2/repository/org/apache/commons/commons-exec/1.4.0/commons-exec-1.4.0.jar:/Users/tranbao/.m2/repository/org/seleniumhq/selenium/selenium-safari-driver/4.21.0/selenium-safari-driver-4.21.0.jar:/Users/tranbao/.m2/repository/org/seleniumhq/selenium/selenium-support/4.21.0/selenium-support-4.21.0.jar:/Users/tranbao/.m2/repository/io/github/bonigarcia/webdrivermanager/5.8.0/webdrivermanager-5.8.0.jar:/Users/tranbao/.m2/repository/com/google/code/gson/gson/2.10.1/gson-2.10.1.jar:/Users/tranbao/.m2/repository/com/github/docker-java/docker-java/3.3.6/docker-java-3.3.6.jar:/Users/tranbao/.m2/repository/com/github/docker-java/docker-java-core/3.3.6/docker-java-core-3.3.6.jar:/Users/tranbao/.m2/repository/com/github/docker-java/docker-java-api/3.3.6/docker-java-api-3.3.6.jar:/Users/tranbao/.m2/repository/org/bouncycastle/bcpkix-jdk18on/1.76/bcpkix-jdk18on-1.76.jar:/Users/tranbao/.m2/repository/org/bouncycastle/bcprov-jdk18on/1.76/bcprov-jdk18on-1.76.jar:/Users/tranbao/.m2/repository/org/bouncycastle/bcutil-jdk18on/1.76/bcutil-jdk18on-1.76.jar:/Users/tranbao/.m2/repository/org/slf4j/jcl-over-slf4j/1.7.30/jcl-over-slf4j-1.7.30.jar:/Users/tranbao/.m2/repository/com/github/docker-java/docker-java-transport-httpclient5/3.3.6/docker-java-transport-httpclient5-3.3.6.jar:/Users/tranbao/.m2/repository/com/github/docker-java/docker-java-transport/3.3.6/docker-java-transport-3.3.6.jar:/Users/tranbao/.m2/repository/net/java/dev/jna/jna/5.13.0/jna-5.13.0.jar:/Users/tranbao/.m2/repository/org/brotli/dec/0.1.2/dec-0.1.2.jar:/Users/tranbao/.m2/repository/org/apache/commons/commons-lang3/3.14.0/commons-lang3-3.14.0.jar:/Users/tranbao/.m2/repository/org/apache/httpcomponents/client5/httpclient5/5.2.1/httpclient5-5.2.1.jar:/Users/tranbao/.m2/repository/org/apache/httpcomponents/core5/httpcore5/5.2/httpcore5-5.2.jar:/Users/tranbao/.m2/repository/org/apache/httpcomponents/core5/httpcore5-h2/5.2/httpcore5-h2-5.2.jar:/Users/tranbao/.m2/repository/postgresql/postgresql/9.1-901-1.jdbc4/postgresql-9.1-901-1.jdbc4.jar:/Users/tranbao/.m2/repository/io/rest-assured/rest-assured/5.4.0/rest-assured-5.4.0.jar:/Users/tranbao/.m2/repository/org/apache/groovy/groovy/4.0.16/groovy-4.0.16.jar:/Users/tranbao/.m2/repository/org/apache/groovy/groovy-xml/4.0.16/groovy-xml-4.0.16.jar:/Users/tranbao/.m2/repository/org/apache/httpcomponents/httpmime/4.5.13/httpmime-4.5.13.jar:/Users/tranbao/.m2/repository/org/hamcrest/hamcrest/2.2/hamcrest-2.2.jar:/Users/tranbao/.m2/repository/org/ccil/cowan/tagsoup/tagsoup/1.2.1/tagsoup-1.2.1.jar:/Users/tranbao/.m2/repository/io/rest-assured/json-path/5.4.0/json-path-5.4.0.jar:/Users/tranbao/.m2/repository/org/apache/groovy/groovy-json/4.0.16/groovy-json-4.0.16.jar:/Users/tranbao/.m2/repository/io/rest-assured/rest-assured-common/5.4.0/rest-assured-common-5.4.0.jar:/Users/tranbao/.m2/repository/io/rest-assured/xml-path/5.4.0/xml-path-5.4.0.jar:/Users/tranbao/.m2/repository/commons-lang/commons-lang/2.6/commons-lang-2.6.jar:/Users/tranbao/.m2/repository/com/fasterxml/jackson/core/jackson-databind/2.13.1/jackson-databind-2.13.1.jar:/Users/tranbao/.m2/repository/com/fasterxml/jackson/core/jackson-annotations/2.13.1/jackson-annotations-2.13.1.jar:/Users/tranbao/.m2/repository/com/fasterxml/jackson/core/jackson-core/2.13.1/jackson-core-2.13.1.jar:/Users/tranbao/.m2/repository/com/aventstack/extentreports/5.1.1/extentreports-5.1.1.jar:/Users/tranbao/.m2/repository/io/reactivex/rxjava3/rxjava/3.1.6/rxjava-3.1.6.jar:/Users/tranbao/.m2/repository/org/reactivestreams/reactive-streams/1.0.4/reactive-streams-1.0.4.jar:/Users/tranbao/.m2/repository/org/freemarker/freemarker/2.3.32/freemarker-2.3.32.jar:/Users/tranbao/.m2/repository/com/squareup/okhttp3/okhttp/4.9.1/okhttp-4.9.1.jar:/Users/tranbao/.m2/repository/com/squareup/okio/okio/2.8.0/okio-2.8.0.jar:/Users/tranbao/.m2/repository/org/jetbrains/kotlin/kotlin-stdlib-common/1.4.0/kotlin-stdlib-common-1.4.0.jar:/Users/tranbao/.m2/repository/org/jetbrains/kotlin/kotlin-stdlib/1.4.10/kotlin-stdlib-1.4.10.jar:/Users/tranbao/.m2/repository/org/jetbrains/annotations/13.0/annotations-13.0.jar:/Users/tranbao/.m2/repository/org/apache/httpcomponents/httpclient/4.5.13/httpclient-4.5.13.jar:/Users/tranbao/.m2/repository/org/apache/httpcomponents/httpcore/4.4.13/httpcore-4.4.13.jar:/Users/tranbao/.m2/repository/commons-logging/commons-logging/1.2/commons-logging-1.2.jar:/Users/tranbao/.m2/repository/org/json/json/20240303/json-20240303.jar:/Users/tranbao/.m2/repository/org/projectlombok/lombok/1.18.32/lombok-1.18.32.jar:/Users/tranbao/.m2/repository/io/appium/java-client/8.3.0/java-client-8.3.0.jar:/Users/tranbao/.m2/repository/cglib/cglib/3.3.0/cglib-3.3.0.jar:/Users/tranbao/.m2/repository/org/ow2/asm/asm/7.1/asm-7.1.jar:/Users/tranbao/.m2/repository/commons-validator/commons-validator/1.7/commons-validator-1.7.jar:/Users/tranbao/.m2/repository/commons-beanutils/commons-beanutils/1.9.4/commons-beanutils-1.9.4.jar:/Users/tranbao/.m2/repository/commons-digester/commons-digester/2.1/commons-digester-2.1.jar:/Users/tranbao/.m2/repository/commons-collections/commons-collections/3.2.2/commons-collections-3.2.2.jar:"/>
    <property name="sun.cpu.endian" value="little"/>
    <property name="user.home" value="/Users/tranbao"/>
    <property name="user.language" value="en"/>
    <property name="java.specification.vendor" value="Oracle Corporation"/>
    <property name="java.version.date" value="2024-04-16"/>
    <property name="java.home" value="/Library/Java/JavaVirtualMachines/jdk-22.jdk/Contents/Home"/>
    <property name="file.separator" value="/"/>
    <property name="basedir" value="/Users/tranbao/limitationProject"/>
    <property name="java.vm.compressedOopsMode" value="Zero based"/>
    <property name="line.separator" value="&#10;"/>
    <property name="java.vm.specification.vendor" value="Oracle Corporation"/>
    <property name="java.specification.name" value="Java Platform API Specification"/>
    <property name="apple.awt.application.name" value="ForkedBooter"/>
    <property name="surefire.real.class.path" value="/Users/tranbao/limitationProject/target/surefire/surefirebooter-20240517141100214_3.jar"/>
    <property name="sun.management.compiler" value="HotSpot 64-Bit Tiered Compilers"/>
    <property name="ftp.nonProxyHosts" value="local|*.local|169.254/16|*.169.254/16"/>
    <property name="java.runtime.version" value="22.0.1+8-16"/>
    <property name="user.name" value="tranbao"/>
    <property name="stdout.encoding" value="UTF-8"/>
    <property name="path.separator" value=":"/>
    <property name="os.version" value="13.6"/>
    <property name="java.runtime.name" value="Java(TM) SE Runtime Environment"/>
    <property name="file.encoding" value="UTF-8"/>
    <property name="java.vm.name" value="Java HotSpot(TM) 64-Bit Server VM"/>
    <property name="localRepository" value="/Users/tranbao/.m2/repository"/>
    <property name="java.vendor.url.bug" value="https://bugreport.java.com/bugreport/"/>
    <property name="java.io.tmpdir" value="/var/folders/_c/0ys5glts0rl26xyjylmrr2b80000gn/T/"/>
    <property name="java.version" value="22.0.1"/>
    <property name="user.dir" value="/Users/tranbao/limitationProject"/>
    <property name="os.arch" value="aarch64"/>
    <property name="chrome.driver" value="/Users/tranbao/Downloads"/>
    <property name="java.vm.specification.name" value="Java Virtual Machine Specification"/>
    <property name="native.encoding" value="UTF-8"/>
    <property name="java.library.path" value="/Users/tranbao/Library/Java/Extensions:/Library/Java/Extensions:/Network/Library/Java/Extensions:/System/Library/Java/Extensions:/usr/lib/java:."/>
    <property name="java.vm.info" value="mixed mode, sharing"/>
    <property name="stderr.encoding" value="UTF-8"/>
    <property name="java.vendor" value="Oracle Corporation"/>
    <property name="java.vm.version" value="22.0.1+8-16"/>
    <property name="sun.io.unicode.encoding" value="UnicodeBig"/>
    <property name="socksNonProxyHosts" value="local|*.local|169.254/16|*.169.254/16"/>
    <property name="java.class.version" value="66.0"/>
  </properties>
  <testcase name="testShopPackageFunctionality" classname="automation.ShopPackage" time="8.92">
    <system-out><![CDATA[I. Login with owner account Successfully!
a. AccessToken parsed and saved to file infoPackageShop.
b. Các key và value từ file infoPackageShop:
bundleFeatureName: STATUP+
bundleFeatureCode: bundle_vn_0001_statup_plus
yearsOfFeatureLimitation: 1
labelFeatureLimitation: bundle_vn_0001_statup_plus__1

II. Compare data with files.
1. Data from Excel.json and Database.json match.
2. Data from Database.json and Api.json match.
3. Data from Api.json and LocalStore.json match.

a. Kết nối tới cơ sở dữ liệu DBeaver thành công!
b. Dữ liệu đã được lưu vào file Database.json thành công!
]]></system-out>
    <system-err><![CDATA[SLF4J(I): Connected with provider of type [org.slf4j.simple.SimpleServiceProvider]
]]></system-err>
  </testcase>
</testsuite>