<?xml version="1.0" encoding="UTF-8"?>
<!-- Generated by org.testng.reporters.JUnitReportReporter -->
<testsuite hostname="MacBook-Pro-cua-Bao.local" failures="0" tests="1" name="automation.ShopPackage" time="4.713" errors="0" timestamp="2024-05-13T17:39:35 ICT" skipped="0">
  <testcase classname="automation.ShopPackage" name="testShopFunctions" time="4.713"/>
</testsuite> <!-- automation.ShopPackage -->
